01:48:37.192 [main] INFO  api.test.UserTests - ******Creating user***********
01:48:39.562 [main] INFO  api.test.UserTests - ************ User is created******************
01:51:15.012 [main] INFO  api.test.UserTests - ******Creating user***********
01:51:17.346 [main] INFO  api.test.UserTests - ************ User is created******************
01:52:53.107 [main] INFO  api.test.UserTests - ******Creating user***********
01:52:55.544 [main] INFO  api.test.UserTests - ************ User is created******************
01:54:41.210 [main] DEBUG api.test.UserTests - debugging ..........
01:54:41.229 [main] INFO  api.test.UserTests - ******Creating user***********
01:54:43.424 [main] INFO  api.test.UserTests - ************ User is created******************
11:42:17.498 [main] DEBUG api.test.UserTests2 - debugging ..........
11:42:17.518 [main] INFO  api.test.UserTests2 - ******Creating user***********
11:53:29.128 [main] DEBUG api.test.UserTests - debugging ..........
11:53:29.140 [main] INFO  api.test.UserTests - ******Creating user***********
11:53:30.819 [main] INFO  api.test.UserTests - ************ User is created******************
11:54:46.112 [main] DEBUG api.test.UserTests2 - debugging ..........
11:54:46.123 [main] INFO  api.test.UserTests2 - ******Creating user***********
11:56:03.757 [main] DEBUG api.test.UserTests2 - debugging ..........
11:56:03.768 [main] INFO  api.test.UserTests2 - ******Creating user***********
11:56:05.316 [main] INFO  api.test.UserTests2 - ************ User is created******************
12:00:17.469 [main] DEBUG api.test.UserTests2 - debugging ..........
12:00:17.480 [main] INFO  api.test.UserTests2 - ******Creating user***********
12:00:19.294 [main] INFO  api.test.UserTests2 - ************ User is created******************
12:02:05.337 [main] DEBUG api.test.UserTests2 - debugging ..........
12:02:05.349 [main] INFO  api.test.UserTests2 - ******Creating user***********
12:02:06.890 [main] INFO  api.test.UserTests2 - ************ User is created******************
13:17:10.207 [main] DEBUG api.test.UserTests2 - debugging ..........
13:17:10.221 [main] INFO  api.test.UserTests2 - ******Creating user***********
13:17:12.207 [main] INFO  api.test.UserTests2 - ************ User is created******************
13:43:21.200 [main] DEBUG api.test.UserTests2 - debugging ..........
13:43:21.215 [main] INFO  api.test.UserTests2 - ******Creating user***********
13:43:23.210 [main] INFO  api.test.UserTests2 - ************ User is created******************
